#
# There is insufficient memory for the Java Runtime Environment to continue.
# Native memory allocation (malloc) failed to allocate 1706736 bytes for Chunk::new
# Possible reasons:
#   The system is out of physical RAM or swap space
#   The process is running with CompressedOops enabled, and the Java Heap may be blocking the growth of the native heap
# Possible solutions:
#   Reduce memory load on the system
#   Increase physical memory or swap space
#   Check if swap backing store is full
#   Decrease Java heap size (-Xmx/-Xms)
#   Decrease number of Java threads
#   Decrease Java thread stack sizes (-Xss)
#   Set larger code cache with -XX:ReservedCodeCacheSize=
#   JVM is running with Zero Based Compressed Oops mode in which the Java heap is
#     placed in the first 32GB address space. The Java Heap base address is the
#     maximum limit for the native heap growth. Please use -XX:HeapBaseMinAddress
#     to set the Java Heap base and to place the Java Heap above 32GB virtual address.
# This output file may be truncated or incomplete.
#
#  Out of Memory Error (./src/hotspot/share/memory/arena.cpp:197), pid=14432, tid=15208
#
# JRE version: OpenJDK Runtime Environment (11.0.10) (build 11.0.10+0-b96-7249189)
# Java VM: OpenJDK 64-Bit Server VM (11.0.10+0-b96-7249189, mixed mode, tiered, compressed oops, g1 gc, windows-amd64)
# No core dump will be written. Minidumps are not enabled by default on client versions of Windows
#

---------------  S U M M A R Y ------------

Command Line: org.jetbrains.kotlin.cli.jvm.K2JVMCompiler @C:\Users\Q\Desktop\Pokemon App\SocialApp\app\build\20211230_13916157366965453654.compiler.options

Host: Intel(R) Core(TM) i7-10700 CPU @ 2.90GHz, 16 cores, 15G,  Windows 10 , 64 bit Build 19041 (10.0.19041.1348)
Time: Thu Dec 30 09:43:00 2021 Egypt Standard Time elapsed time: 4.748900 seconds (0d 0h 0m 4s)

---------------  T H R E A D  ---------------

Current thread (0x00000227200ed000):  JavaThread "C2 CompilerThread0" daemon [_thread_in_native, id=15208, stack(0x000000db82600000,0x000000db82700000)]


Current CompileTask:
C2:   4748 7916       4       org.jetbrains.kotlin.resolve.lazy.ForceResolveUtil::forceResolveAllContents (105 bytes)

Stack: [0x000000db82600000,0x000000db82700000]
Native frames: (J=compiled Java code, j=interpreted, Vv=VM code, C=native code)
V  [jvm.dll+0x5ecfaa]
V  [jvm.dll+0x722bd5]
V  [jvm.dll+0x72412d]
V  [jvm.dll+0x7247e3]
V  [jvm.dll+0x242928]
V  [jvm.dll+0xbc4fc]
V  [jvm.dll+0xbca0c]
V  [jvm.dll+0x352d7d]
V  [jvm.dll+0x197e0c]
V  [jvm.dll+0x1fb70e]
V  [jvm.dll+0x1fa7f4]
V  [jvm.dll+0x18354c]
V  [jvm.dll+0x208ee7]
V  [jvm.dll+0x207731]
V  [jvm.dll+0x6eb1cf]
V  [jvm.dll+0x6e3d45]
V  [jvm.dll+0x5ebe96]
C  [ucrtbase.dll+0x21bb2]
C  [KERNEL32.DLL+0x17034]
C  [ntdll.dll+0x52651]


---------------  P R O C E S S  ---------------

Threads class SMR info:
_java_thread_list=0x000002272827d5a0, length=20, elements={
0x000002277d8de000, 0x0000022720994800, 0x0000022720997800, 0x00000227200e6800,
0x00000227200e8800, 0x00000227200ea000, 0x00000227200ed000, 0x00000227209f0800,
0x00000227209fb000, 0x0000022720b4b800, 0x0000022720b6d800, 0x0000022720b96800,
0x0000022720b6c800, 0x0000022720e22800, 0x0000022721254000, 0x000002272225c800,
0x0000022722a5d000, 0x0000022726a9c000, 0x0000022726cdc800, 0x0000022728274000
}

Java Threads: ( => current thread )
  0x000002277d8de000 JavaThread "main" [_thread_in_vm, id=11320, stack(0x000000db81a00000,0x000000db81b00000)]
  0x0000022720994800 JavaThread "Reference Handler" daemon [_thread_blocked, id=14752, stack(0x000000db82100000,0x000000db82200000)]
  0x0000022720997800 JavaThread "Finalizer" daemon [_thread_blocked, id=7324, stack(0x000000db82200000,0x000000db82300000)]
  0x00000227200e6800 JavaThread "Signal Dispatcher" daemon [_thread_blocked, id=11712, stack(0x000000db82300000,0x000000db82400000)]
  0x00000227200e8800 JavaThread "Attach Listener" daemon [_thread_blocked, id=6580, stack(0x000000db82400000,0x000000db82500000)]
  0x00000227200ea000 JavaThread "Service Thread" daemon [_thread_blocked, id=9920, stack(0x000000db82500000,0x000000db82600000)]
=>0x00000227200ed000 JavaThread "C2 CompilerThread0" daemon [_thread_in_native, id=15208, stack(0x000000db82600000,0x000000db82700000)]
  0x00000227209f0800 JavaThread "C1 CompilerThread0" daemon [_thread_blocked, id=32, stack(0x000000db82700000,0x000000db82800000)]
  0x00000227209fb000 JavaThread "Sweeper thread" daemon [_thread_blocked, id=10020, stack(0x000000db82800000,0x000000db82900000)]
  0x0000022720b4b800 JavaThread "C1 CompilerThread1" daemon [_thread_blocked, id=7580, stack(0x000000db82900000,0x000000db82a00000)]
  0x0000022720b6d800 JavaThread "Common-Cleaner" daemon [_thread_blocked, id=4508, stack(0x000000db82b00000,0x000000db82c00000)]
  0x0000022720b96800 JavaThread "C2 CompilerThread1" daemon [_thread_in_native, id=14332, stack(0x000000db82c00000,0x000000db82d00000)]
  0x0000022720b6c800 JavaThread "C2 CompilerThread2" daemon [_thread_in_native, id=11280, stack(0x000000db82d00000,0x000000db82e00000)]
  0x0000022720e22800 JavaThread "C1 CompilerThread2" daemon [_thread_blocked, id=10504, stack(0x000000db82f00000,0x000000db83000000)]
  0x0000022721254000 JavaThread "C1 CompilerThread3" daemon [_thread_blocked, id=5964, stack(0x000000db83000000,0x000000db83100000)]
  0x000002272225c800 JavaThread "C2 CompilerThread3" daemon [_thread_blocked, id=11752, stack(0x000000db82e00000,0x000000db82f00000)]
  0x0000022722a5d000 JavaThread "C2 CompilerThread4" daemon [_thread_in_native, id=11616, stack(0x000000db83800000,0x000000db83900000)]
  0x0000022726a9c000 JavaThread "C2 CompilerThread5" daemon [_thread_in_native, id=7284, stack(0x000000db83d00000,0x000000db83e00000)]
  0x0000022726cdc800 JavaThread "C2 CompilerThread6" daemon [_thread_blocked, id=8368, stack(0x000000db83f00000,0x000000db84000000)]
  0x0000022728274000 JavaThread "C2 CompilerThread7" daemon [_thread_in_native, id=8540, stack(0x000000db84000000,0x000000db84100000)]

Other Threads:
  0x00000227200d4000 VMThread "VM Thread" [stack: 0x000000db82000000,0x000000db82100000] [id=6740]
  0x0000022720b67800 WatcherThread [stack: 0x000000db82a00000,0x000000db82b00000] [id=12476]
  0x000002277d8f4000 GCTaskThread "GC Thread#0" [stack: 0x000000db81b00000,0x000000db81c00000] [id=15212]
  0x0000022721393800 GCTaskThread "GC Thread#1" [stack: 0x000000db83100000,0x000000db83200000] [id=4648]
  0x0000022721394000 GCTaskThread "GC Thread#2" [stack: 0x000000db83200000,0x000000db83300000] [id=16380]
  0x0000022721398800 GCTaskThread "GC Thread#3" [stack: 0x000000db83300000,0x000000db83400000] [id=16876]
  0x0000022721399000 GCTaskThread "GC Thread#4" [stack: 0x000000db83400000,0x000000db83500000] [id=6140]
  0x00000227213c2800 GCTaskThread "GC Thread#5" [stack: 0x000000db83500000,0x000000db83600000] [id=15860]
  0x0000022722109800 GCTaskThread "GC Thread#6" [stack: 0x000000db83e00000,0x000000db83f00000] [id=8628]
  0x000002277d951000 ConcurrentGCThread "G1 Main Marker" [stack: 0x000000db81c00000,0x000000db81d00000] [id=12300]
  0x000002277d952000 ConcurrentGCThread "G1 Conc#0" [stack: 0x000000db81d00000,0x000000db81e00000] [id=12656]
  0x0000022721531800 ConcurrentGCThread "G1 Conc#1" [stack: 0x000000db83600000,0x000000db83700000] [id=908]
  0x000002272143b000 ConcurrentGCThread "G1 Conc#2" [stack: 0x000000db83700000,0x000000db83800000] [id=10776]
  0x000002271ffb8800 ConcurrentGCThread "G1 Refine#0" [stack: 0x000000db81e00000,0x000000db81f00000] [id=15836]
  0x0000022721db7800 ConcurrentGCThread "G1 Refine#1" [stack: 0x000000db83900000,0x000000db83a00000] [id=9492]
  0x0000022721e31800 ConcurrentGCThread "G1 Refine#2" [stack: 0x000000db83a00000,0x000000db83b00000] [id=12020]
  0x0000022721e30800 ConcurrentGCThread "G1 Refine#3" [stack: 0x000000db83b00000,0x000000db83c00000] [id=16740]
  0x00000227267c9000 ConcurrentGCThread "G1 Refine#4" [stack: 0x000000db83c00000,0x000000db83d00000] [id=6116]
  0x000002271ffba800 ConcurrentGCThread "G1 Young RemSet Sampling" [stack: 0x000000db81f00000,0x000000db82000000] [id=16628]

Threads with active compile tasks:
C2 CompilerThread0   4757 7916       4       org.jetbrains.kotlin.resolve.lazy.ForceResolveUtil::forceResolveAllContents (105 bytes)
C2 CompilerThread1   4757 7955       4       org.jetbrains.kotlin.cli.jvm.index.JvmDependenciesIndexImpl::search (385 bytes)
C2 CompilerThread2   4757 8010       4       org.jetbrains.org.objectweb.asm.ClassReader::readMethod (1061 bytes)
C2 CompilerThread4   4757 8222       4       org.jetbrains.kotlin.resolve.lazy.ForceResolveUtil::forceResolveAllContents (14 bytes)
C2 CompilerThread5   4757 7850       4       org.jetbrains.kotlin.resolve.lazy.ForceResolveUtil::forceResolveAllContents (46 bytes)
C2 CompilerThread7   4757 7845       4       org.jetbrains.kotlin.resolve.lazy.ForceResolveUtil::doForceResolveAllContents (206 bytes)

VM state:not at safepoint (normal execution)

VM Mutex/Monitor currently owned by a thread: None

Heap address: 0x0000000704600000, size: 4026 MB, Compressed Oops mode: Zero based, Oop shift amount: 3
Narrow klass base: 0x0000000800000000, Narrow klass shift: 0
Compressed class space size: 1073741824 Address: 0x0000000800000000

Heap:
 garbage-first heap   total 310272K, used 103266K [0x0000000704600000, 0x0000000800000000)
  region size 1024K, 74 young (75776K), 15 survivors (15360K)
 Metaspace       used 62397K, capacity 63209K, committed 63236K, reserved 1105920K
  class space    used 7154K, capacity 7484K, committed 7508K, reserved 1048576K
Heap Regions: E=young(eden), S=young(survivor), O=old, HS=humongous(starts), HC=humongous(continues), CS=collection set, F=free, A=archive, TAMS=top-at-mark-start (previous, next)
|   0|0x0000000704600000, 0x0000000704700000, 0x0000000704700000|100%|HS|  |TAMS 0x0000000704700000, 0x0000000704600000| Complete 
|   1|0x0000000704700000, 0x0000000704800000, 0x0000000704800000|100%|HC|  |TAMS 0x0000000704800000, 0x0000000704700000| Complete 
|   2|0x0000000704800000, 0x0000000704900000, 0x0000000704900000|100%|HC|  |TAMS 0x0000000704900000, 0x0000000704800000| Complete 
|   3|0x0000000704900000, 0x0000000704a00000, 0x0000000704a00000|100%|HS|  |TAMS 0x0000000704a00000, 0x0000000704900000| Complete 
|   4|0x0000000704a00000, 0x0000000704b00000, 0x0000000704b00000|100%|HC|  |TAMS 0x0000000704b00000, 0x0000000704a00000| Complete 
|   5|0x0000000704b00000, 0x0000000704c00000, 0x0000000704c00000|100%|HC|  |TAMS 0x0000000704c00000, 0x0000000704b00000| Complete 
|   6|0x0000000704c00000, 0x0000000704d00000, 0x0000000704d00000|100%|HS|  |TAMS 0x0000000704d00000, 0x0000000704c00000| Complete 
|   7|0x0000000704d00000, 0x0000000704e00000, 0x0000000704e00000|100%|HC|  |TAMS 0x0000000704e00000, 0x0000000704d00000| Complete 
|   8|0x0000000704e00000, 0x0000000704f00000, 0x0000000704f00000|100%| O|  |TAMS 0x0000000704f00000, 0x0000000704e00000| Untracked 
|   9|0x0000000704f00000, 0x0000000705000000, 0x0000000705000000|100%| O|  |TAMS 0x0000000705000000, 0x0000000704f00000| Untracked 
|  10|0x0000000705000000, 0x0000000705100000, 0x0000000705100000|100%| O|  |TAMS 0x0000000705100000, 0x0000000705000000| Untracked 
|  11|0x0000000705100000, 0x0000000705200000, 0x0000000705200000|100%| O|  |TAMS 0x0000000705200000, 0x0000000705100000| Untracked 
|  12|0x0000000705200000, 0x0000000705300000, 0x0000000705300000|100%| O|  |TAMS 0x0000000705300000, 0x0000000705200000| Untracked 
|  13|0x0000000705300000, 0x0000000705400000, 0x0000000705400000|100%| O|  |TAMS 0x0000000705400000, 0x0000000705300000| Untracked 
|  14|0x0000000705400000, 0x0000000705500000, 0x0000000705500000|100%| O|  |TAMS 0x0000000705500000, 0x0000000705400000| Untracked 
|  15|0x0000000705500000, 0x0000000705600000, 0x0000000705600000|100%| O|  |TAMS 0x0000000705600000, 0x0000000705500000| Untracked 
|  16|0x0000000705600000, 0x0000000705700000, 0x0000000705700000|100%| O|  |TAMS 0x0000000705700000, 0x0000000705600000| Untracked 
|  17|0x0000000705700000, 0x0000000705800000, 0x0000000705800000|100%| O|  |TAMS 0x0000000705800000, 0x0000000705700000| Untracked 
|  18|0x0000000705800000, 0x0000000705900000, 0x0000000705900000|100%| O|  |TAMS 0x0000000705900000, 0x0000000705800000| Untracked 
|  19|0x0000000705900000, 0x0000000705a00000, 0x0000000705a00000|100%| O|  |TAMS 0x0000000705a00000, 0x0000000705900000| Untracked 
|  20|0x0000000705a00000, 0x0000000705b00000, 0x0000000705b00000|100%| O|  |TAMS 0x0000000705b00000, 0x0000000705a00000| Untracked 
|  21|0x0000000705b00000, 0x0000000705c00000, 0x0000000705c00000|100%| O|  |TAMS 0x0000000705c00000, 0x0000000705b00000| Untracked 
|  22|0x0000000705c00000, 0x0000000705d00000, 0x0000000705d00000|100%| O|  |TAMS 0x0000000705d00000, 0x0000000705c00000| Untracked 
|  23|0x0000000705d00000, 0x0000000705e00000, 0x0000000705e00000|100%| O|  |TAMS 0x0000000705e00000, 0x0000000705d00000| Untracked 
|  24|0x0000000705e00000, 0x0000000705e00000, 0x0000000705f00000|  0%| F|  |TAMS 0x0000000705e00000, 0x0000000705e00000| Untracked 
|  25|0x0000000705f00000, 0x0000000706000000, 0x0000000706000000|100%| O|  |TAMS 0x0000000706000000, 0x0000000705f00000| Untracked 
|  26|0x0000000706000000, 0x0000000706100000, 0x0000000706100000|100%| O|  |TAMS 0x0000000706100000, 0x0000000706000000| Untracked 
|  27|0x0000000706100000, 0x0000000706200000, 0x0000000706200000|100%| O|  |TAMS 0x0000000706200000, 0x0000000706100000| Untracked 
|  28|0x0000000706200000, 0x00000007062d8800, 0x0000000706300000| 84%| O|  |TAMS 0x00000007062d8800, 0x0000000706200000| Untracked 
|  29|0x0000000706300000, 0x0000000706300000, 0x0000000706400000|  0%| F|  |TAMS 0x0000000706300000, 0x0000000706300000| Untracked 
|  30|0x0000000706400000, 0x0000000706400000, 0x0000000706500000|  0%| F|  |TAMS 0x0000000706400000, 0x0000000706400000| Untracked 
|  31|0x0000000706500000, 0x0000000706500000, 0x0000000706600000|  0%| F|  |TAMS 0x0000000706500000, 0x0000000706500000| Untracked 
|  32|0x0000000706600000, 0x0000000706600000, 0x0000000706700000|  0%| F|  |TAMS 0x0000000706600000, 0x0000000706600000| Untracked 
|  33|0x0000000706700000, 0x0000000706700000, 0x0000000706800000|  0%| F|  |TAMS 0x0000000706700000, 0x0000000706700000| Untracked 
|  34|0x0000000706800000, 0x0000000706800000, 0x0000000706900000|  0%| F|  |TAMS 0x0000000706800000, 0x0000000706800000| Untracked 
|  35|0x0000000706900000, 0x0000000706900000, 0x0000000706a00000|  0%| F|  |TAMS 0x0000000706900000, 0x0000000706900000| Untracked 
|  36|0x0000000706a00000, 0x0000000706a00000, 0x0000000706b00000|  0%| F|  |TAMS 0x0000000706a00000, 0x0000000706a00000| Untracked 
|  37|0x0000000706b00000, 0x0000000706b00000, 0x0000000706c00000|  0%| F|  |TAMS 0x0000000706b00000, 0x0000000706b00000| Untracked 
|  38|0x0000000706c00000, 0x0000000706c00000, 0x0000000706d00000|  0%| F|  |TAMS 0x0000000706c00000, 0x0000000706c00000| Untracked 
|  39|0x0000000706d00000, 0x0000000706d00000, 0x0000000706e00000|  0%| F|  |TAMS 0x0000000706d00000, 0x0000000706d00000| Untracked 
|  40|0x0000000706e00000, 0x0000000706e00000, 0x0000000706f00000|  0%| F|  |TAMS 0x0000000706e00000, 0x0000000706e00000| Untracked 
|  41|0x0000000706f00000, 0x0000000706f00000, 0x0000000707000000|  0%| F|  |TAMS 0x0000000706f00000, 0x0000000706f00000| Untracked 
|  42|0x0000000707000000, 0x0000000707000000, 0x0000000707100000|  0%| F|  |TAMS 0x0000000707000000, 0x0000000707000000| Untracked 
|  43|0x0000000707100000, 0x0000000707100000, 0x0000000707200000|  0%| F|  |TAMS 0x0000000707100000, 0x0000000707100000| Untracked 
|  44|0x0000000707200000, 0x0000000707200000, 0x0000000707300000|  0%| F|  |TAMS 0x0000000707200000, 0x0000000707200000| Untracked 
|  45|0x0000000707300000, 0x0000000707300000, 0x0000000707400000|  0%| F|  |TAMS 0x0000000707300000, 0x0000000707300000| Untracked 
|  46|0x0000000707400000, 0x0000000707400000, 0x0000000707500000|  0%| F|  |TAMS 0x0000000707400000, 0x0000000707400000| Untracked 
|  47|0x0000000707500000, 0x0000000707500000, 0x0000000707600000|  0%| F|  |TAMS 0x0000000707500000, 0x0000000707500000| Untracked 
|  48|0x0000000707600000, 0x0000000707600000, 0x0000000707700000|  0%| F|  |TAMS 0x0000000707600000, 0x0000000707600000| Untracked 
|  49|0x0000000707700000, 0x0000000707700000, 0x0000000707800000|  0%| F|  |TAMS 0x0000000707700000, 0x0000000707700000| Untracked 
|  50|0x0000000707800000, 0x0000000707800000, 0x0000000707900000|  0%| F|  |TAMS 0x0000000707800000, 0x0000000707800000| Untracked 
|  51|0x0000000707900000, 0x0000000707900000, 0x0000000707a00000|  0%| F|  |TAMS 0x0000000707900000, 0x0000000707900000| Untracked 
|  52|0x0000000707a00000, 0x0000000707a00000, 0x0000000707b00000|  0%| F|  |TAMS 0x0000000707a00000, 0x0000000707a00000| Untracked 
|  53|0x0000000707b00000, 0x0000000707b00000, 0x0000000707c00000|  0%| F|  |TAMS 0x0000000707b00000, 0x0000000707b00000| Untracked 
|  54|0x0000000707c00000, 0x0000000707c00000, 0x0000000707d00000|  0%| F|  |TAMS 0x0000000707c00000, 0x0000000707c00000| Untracked 
|  55|0x0000000707d00000, 0x0000000707d00000, 0x0000000707e00000|  0%| F|  |TAMS 0x0000000707d00000, 0x0000000707d00000| Untracked 
|  56|0x0000000707e00000, 0x0000000707e00000, 0x0000000707f00000|  0%| F|  |TAMS 0x0000000707e00000, 0x0000000707e00000| Untracked 
|  57|0x0000000707f00000, 0x0000000707f00000, 0x0000000708000000|  0%| F|  |TAMS 0x0000000707f00000, 0x0000000707f00000| Untracked 
|  58|0x0000000708000000, 0x0000000708000000, 0x0000000708100000|  0%| F|  |TAMS 0x0000000708000000, 0x0000000708000000| Untracked 
|  59|0x0000000708100000, 0x0000000708100000, 0x0000000708200000|  0%| F|  |TAMS 0x0000000708100000, 0x0000000708100000| Untracked 
|  60|0x0000000708200000, 0x0000000708200000, 0x0000000708300000|  0%| F|  |TAMS 0x0000000708200000, 0x0000000708200000| Untracked 
|  61|0x0000000708300000, 0x0000000708300000, 0x0000000708400000|  0%| F|  |TAMS 0x0000000708300000, 0x0000000708300000| Untracked 
|  62|0x0000000708400000, 0x0000000708400000, 0x0000000708500000|  0%| F|  |TAMS 0x0000000708400000, 0x0000000708400000| Untracked 
|  63|0x0000000708500000, 0x0000000708500000, 0x0000000708600000|  0%| F|  |TAMS 0x0000000708500000, 0x0000000708500000| Untracked 
|  64|0x0000000708600000, 0x0000000708600000, 0x0000000708700000|  0%| F|  |TAMS 0x0000000708600000, 0x0000000708600000| Untracked 
|  65|0x0000000708700000, 0x0000000708700000, 0x0000000708800000|  0%| F|  |TAMS 0x0000000708700000, 0x0000000708700000| Untracked 
|  66|0x0000000708800000, 0x0000000708800000, 0x0000000708900000|  0%| F|  |TAMS 0x0000000708800000, 0x0000000708800000| Untracked 
|  67|0x0000000708900000, 0x0000000708900000, 0x0000000708a00000|  0%| F|  |TAMS 0x0000000708900000, 0x0000000708900000| Untracked 
|  68|0x0000000708a00000, 0x0000000708a00000, 0x0000000708b00000|  0%| F|  |TAMS 0x0000000708a00000, 0x0000000708a00000| Untracked 
|  69|0x0000000708b00000, 0x0000000708b00000, 0x0000000708c00000|  0%| F|  |TAMS 0x0000000708b00000, 0x0000000708b00000| Untracked 
|  70|0x0000000708c00000, 0x0000000708c00000, 0x0000000708d00000|  0%| F|  |TAMS 0x0000000708c00000, 0x0000000708c00000| Untracked 
|  71|0x0000000708d00000, 0x0000000708d00000, 0x0000000708e00000|  0%| F|  |TAMS 0x0000000708d00000, 0x0000000708d00000| Untracked 
|  72|0x0000000708e00000, 0x0000000708e00000, 0x0000000708f00000|  0%| F|  |TAMS 0x0000000708e00000, 0x0000000708e00000| Untracked 
|  73|0x0000000708f00000, 0x0000000708f00000, 0x0000000709000000|  0%| F|  |TAMS 0x0000000708f00000, 0x0000000708f00000| Untracked 
|  74|0x0000000709000000, 0x0000000709000000, 0x0000000709100000|  0%| F|  |TAMS 0x0000000709000000, 0x0000000709000000| Untracked 
|  75|0x0000000709100000, 0x0000000709100000, 0x0000000709200000|  0%| F|  |TAMS 0x0000000709100000, 0x0000000709100000| Untracked 
|  76|0x0000000709200000, 0x0000000709200000, 0x0000000709300000|  0%| F|  |TAMS 0x0000000709200000, 0x0000000709200000| Untracked 
|  77|0x0000000709300000, 0x0000000709300000, 0x0000000709400000|  0%| F|  |TAMS 0x0000000709300000, 0x0000000709300000| Untracked 
|  78|0x0000000709400000, 0x0000000709400000, 0x0000000709500000|  0%| F|  |TAMS 0x0000000709400000, 0x0000000709400000| Untracked 
|  79|0x0000000709500000, 0x0000000709500000, 0x0000000709600000|  0%| F|  |TAMS 0x0000000709500000, 0x0000000709500000| Untracked 
|  80|0x0000000709600000, 0x0000000709600000, 0x0000000709700000|  0%| F|  |TAMS 0x0000000709600000, 0x0000000709600000| Untracked 
|  81|0x0000000709700000, 0x0000000709700000, 0x0000000709800000|  0%| F|  |TAMS 0x0000000709700000, 0x0000000709700000| Untracked 
|  82|0x0000000709800000, 0x0000000709800000, 0x0000000709900000|  0%| F|  |TAMS 0x0000000709800000, 0x0000000709800000| Untracked 
|  83|0x0000000709900000, 0x0000000709900000, 0x0000000709a00000|  0%| F|  |TAMS 0x0000000709900000, 0x0000000709900000| Untracked 
|  84|0x0000000709a00000, 0x0000000709a00000, 0x0000000709b00000|  0%| F|  |TAMS 0x0000000709a00000, 0x0000000709a00000| Untracked 
|  85|0x0000000709b00000, 0x0000000709b00000, 0x0000000709c00000|  0%| F|  |TAMS 0x0000000709b00000, 0x0000000709b00000| Untracked 
|  86|0x0000000709c00000, 0x0000000709c00000, 0x0000000709d00000|  0%| F|  |TAMS 0x0000000709c00000, 0x0000000709c00000| Untracked 
|  87|0x0000000709d00000, 0x0000000709d00000, 0x0000000709e00000|  0%| F|  |TAMS 0x0000000709d00000, 0x0000000709d00000| Untracked 
|  88|0x0000000709e00000, 0x0000000709e00000, 0x0000000709f00000|  0%| F|  |TAMS 0x0000000709e00000, 0x0000000709e00000| Untracked 
|  89|0x0000000709f00000, 0x0000000709f00000, 0x000000070a000000|  0%| F|  |TAMS 0x0000000709f00000, 0x0000000709f00000| Untracked 
|  90|0x000000070a000000, 0x000000070a000000, 0x000000070a100000|  0%| F|  |TAMS 0x000000070a000000, 0x000000070a000000| Untracked 
|  91|0x000000070a100000, 0x000000070a100000, 0x000000070a200000|  0%| F|  |TAMS 0x000000070a100000, 0x000000070a100000| Untracked 
|  92|0x000000070a200000, 0x000000070a200000, 0x000000070a300000|  0%| F|  |TAMS 0x000000070a200000, 0x000000070a200000| Untracked 
|  93|0x000000070a300000, 0x000000070a300000, 0x000000070a400000|  0%| F|  |TAMS 0x000000070a300000, 0x000000070a300000| Untracked 
|  94|0x000000070a400000, 0x000000070a400000, 0x000000070a500000|  0%| F|  |TAMS 0x000000070a400000, 0x000000070a400000| Untracked 
|  95|0x000000070a500000, 0x000000070a500000, 0x000000070a600000|  0%| F|  |TAMS 0x000000070a500000, 0x000000070a500000| Untracked 
|  96|0x000000070a600000, 0x000000070a600000, 0x000000070a700000|  0%| F|  |TAMS 0x000000070a600000, 0x000000070a600000| Untracked 
|  97|0x000000070a700000, 0x000000070a700000, 0x000000070a800000|  0%| F|  |TAMS 0x000000070a700000, 0x000000070a700000| Untracked 
|  98|0x000000070a800000, 0x000000070a800000, 0x000000070a900000|  0%| F|  |TAMS 0x000000070a800000, 0x000000070a800000| Untracked 
|  99|0x000000070a900000, 0x000000070a900000, 0x000000070aa00000|  0%| F|  |TAMS 0x000000070a900000, 0x000000070a900000| Untracked 
| 100|0x000000070aa00000, 0x000000070aa00000, 0x000000070ab00000|  0%| F|  |TAMS 0x000000070aa00000, 0x000000070aa00000| Untracked 
| 101|0x000000070ab00000, 0x000000070ab00000, 0x000000070ac00000|  0%| F|  |TAMS 0x000000070ab00000, 0x000000070ab00000| Untracked 
| 102|0x000000070ac00000, 0x000000070ac00000, 0x000000070ad00000|  0%| F|  |TAMS 0x000000070ac00000, 0x000000070ac00000| Untracked 
| 103|0x000000070ad00000, 0x000000070ad00000, 0x000000070ae00000|  0%| F|  |TAMS 0x000000070ad00000, 0x000000070ad00000| Untracked 
| 104|0x000000070ae00000, 0x000000070ae00000, 0x000000070af00000|  0%| F|  |TAMS 0x000000070ae00000, 0x000000070ae00000| Untracked 
| 105|0x000000070af00000, 0x000000070af00000, 0x000000070b000000|  0%| F|  |TAMS 0x000000070af00000, 0x000000070af00000| Untracked 
| 106|0x000000070b000000, 0x000000070b000000, 0x000000070b100000|  0%| F|  |TAMS 0x000000070b000000, 0x000000070b000000| Untracked 
| 107|0x000000070b100000, 0x000000070b100000, 0x000000070b200000|  0%| F|  |TAMS 0x000000070b100000, 0x000000070b100000| Untracked 
| 108|0x000000070b200000, 0x000000070b200000, 0x000000070b300000|  0%| F|  |TAMS 0x000000070b200000, 0x000000070b200000| Untracked 
| 109|0x000000070b300000, 0x000000070b300000, 0x000000070b400000|  0%| F|  |TAMS 0x000000070b300000, 0x000000070b300000| Untracked 
| 110|0x000000070b400000, 0x000000070b400000, 0x000000070b500000|  0%| F|  |TAMS 0x000000070b400000, 0x000000070b400000| Untracked 
| 111|0x000000070b500000, 0x000000070b500000, 0x000000070b600000|  0%| F|  |TAMS 0x000000070b500000, 0x000000070b500000| Untracked 
| 112|0x000000070b600000, 0x000000070b600000, 0x000000070b700000|  0%| F|  |TAMS 0x000000070b600000, 0x000000070b600000| Untracked 
| 113|0x000000070b700000, 0x000000070b700000, 0x000000070b800000|  0%| F|  |TAMS 0x000000070b700000, 0x000000070b700000| Untracked 
| 114|0x000000070b800000, 0x000000070b800000, 0x000000070b900000|  0%| F|  |TAMS 0x000000070b800000, 0x000000070b800000| Untracked 
| 115|0x000000070b900000, 0x000000070b900000, 0x000000070ba00000|  0%| F|  |TAMS 0x000000070b900000, 0x000000070b900000| Untracked 
| 116|0x000000070ba00000, 0x000000070ba00000, 0x000000070bb00000|  0%| F|  |TAMS 0x000000070ba00000, 0x000000070ba00000| Untracked 
| 117|0x000000070bb00000, 0x000000070bb00000, 0x000000070bc00000|  0%| F|  |TAMS 0x000000070bb00000, 0x000000070bb00000| Untracked 
| 118|0x000000070bc00000, 0x000000070bc00000, 0x000000070bd00000|  0%| F|  |TAMS 0x000000070bc00000, 0x000000070bc00000| Untracked 
| 119|0x000000070bd00000, 0x000000070bd00000, 0x000000070be00000|  0%| F|  |TAMS 0x000000070bd00000, 0x000000070bd00000| Untracked 
| 120|0x000000070be00000, 0x000000070be00000, 0x000000070bf00000|  0%| F|  |TAMS 0x000000070be00000, 0x000000070be00000| Untracked 
| 121|0x000000070bf00000, 0x000000070bf00000, 0x000000070c000000|  0%| F|  |TAMS 0x000000070bf00000, 0x000000070bf00000| Untracked 
| 122|0x000000070c000000, 0x000000070c000000, 0x000000070c100000|  0%| F|  |TAMS 0x000000070c000000, 0x000000070c000000| Untracked 
| 123|0x000000070c100000, 0x000000070c100000, 0x000000070c200000|  0%| F|  |TAMS 0x000000070c100000, 0x000000070c100000| Untracked 
| 124|0x000000070c200000, 0x000000070c200000, 0x000000070c300000|  0%| F|  |TAMS 0x000000070c200000, 0x000000070c200000| Untracked 
| 125|0x000000070c300000, 0x000000070c300000, 0x000000070c400000|  0%| F|  |TAMS 0x000000070c300000, 0x000000070c300000| Untracked 
| 126|0x000000070c400000, 0x000000070c400000, 0x000000070c500000|  0%| F|  |TAMS 0x000000070c400000, 0x000000070c400000| Untracked 
| 127|0x000000070c500000, 0x000000070c500000, 0x000000070c600000|  0%| F|  |TAMS 0x000000070c500000, 0x000000070c500000| Untracked 
| 128|0x000000070c600000, 0x000000070c600000, 0x000000070c700000|  0%| F|  |TAMS 0x000000070c600000, 0x000000070c600000| Untracked 
| 129|0x000000070c700000, 0x000000070c700000, 0x000000070c800000|  0%| F|  |TAMS 0x000000070c700000, 0x000000070c700000| Untracked 
| 130|0x000000070c800000, 0x000000070c800000, 0x000000070c900000|  0%| F|  |TAMS 0x000000070c800000, 0x000000070c800000| Untracked 
| 131|0x000000070c900000, 0x000000070c900000, 0x000000070ca00000|  0%| F|  |TAMS 0x000000070c900000, 0x000000070c900000| Untracked 
| 132|0x000000070ca00000, 0x000000070ca00000, 0x000000070cb00000|  0%| F|  |TAMS 0x000000070ca00000, 0x000000070ca00000| Untracked 
| 133|0x000000070cb00000, 0x000000070cb00000, 0x000000070cc00000|  0%| F|  |TAMS 0x000000070cb00000, 0x000000070cb00000| Untracked 
| 134|0x000000070cc00000, 0x000000070cc00000, 0x000000070cd00000|  0%| F|  |TAMS 0x000000070cc00000, 0x000000070cc00000| Untracked 
| 135|0x000000070cd00000, 0x000000070cd00000, 0x000000070ce00000|  0%| F|  |TAMS 0x000000070cd00000, 0x000000070cd00000| Untracked 
| 136|0x000000070ce00000, 0x000000070ce00000, 0x000000070cf00000|  0%| F|  |TAMS 0x000000070ce00000, 0x000000070ce00000| Untracked 
| 137|0x000000070cf00000, 0x000000070cf00000, 0x000000070d000000|  0%| F|  |TAMS 0x000000070cf00000, 0x000000070cf00000| Untracked 
| 138|0x000000070d000000, 0x000000070d000000, 0x000000070d100000|  0%| F|  |TAMS 0x000000070d000000, 0x000000070d000000| Untracked 
| 139|0x000000070d100000, 0x000000070d100000, 0x000000070d200000|  0%| F|  |TAMS 0x000000070d100000, 0x000000070d100000| Untracked 
| 140|0x000000070d200000, 0x000000070d200000, 0x000000070d300000|  0%| F|  |TAMS 0x000000070d200000, 0x000000070d200000| Untracked 
| 141|0x000000070d300000, 0x000000070d300000, 0x000000070d400000|  0%| F|  |TAMS 0x000000070d300000, 0x000000070d300000| Untracked 
| 142|0x000000070d400000, 0x000000070d400000, 0x000000070d500000|  0%| F|  |TAMS 0x000000070d400000, 0x000000070d400000| Untracked 
| 143|0x000000070d500000, 0x000000070d500000, 0x000000070d600000|  0%| F|  |TAMS 0x000000070d500000, 0x000000070d500000| Untracked 
| 144|0x000000070d600000, 0x000000070d600000, 0x000000070d700000|  0%| F|  |TAMS 0x000000070d600000, 0x000000070d600000| Untracked 
| 145|0x000000070d700000, 0x000000070d700000, 0x000000070d800000|  0%| F|  |TAMS 0x000000070d700000, 0x000000070d700000| Untracked 
| 146|0x000000070d800000, 0x000000070d800000, 0x000000070d900000|  0%| F|  |TAMS 0x000000070d800000, 0x000000070d800000| Untracked 
| 147|0x000000070d900000, 0x000000070d900000, 0x000000070da00000|  0%| F|  |TAMS 0x000000070d900000, 0x000000070d900000| Untracked 
| 148|0x000000070da00000, 0x000000070da00000, 0x000000070db00000|  0%| F|  |TAMS 0x000000070da00000, 0x000000070da00000| Untracked 
| 149|0x000000070db00000, 0x000000070db00000, 0x000000070dc00000|  0%| F|  |TAMS 0x000000070db00000, 0x000000070db00000| Untracked 
| 150|0x000000070dc00000, 0x000000070dc00000, 0x000000070dd00000|  0%| F|  |TAMS 0x000000070dc00000, 0x000000070dc00000| Untracked 
| 151|0x000000070dd00000, 0x000000070dd00000, 0x000000070de00000|  0%| F|  |TAMS 0x000000070dd00000, 0x000000070dd00000| Untracked 
| 152|0x000000070de00000, 0x000000070de00000, 0x000000070df00000|  0%| F|  |TAMS 0x000000070de00000, 0x000000070de00000| Untracked 
| 153|0x000000070df00000, 0x000000070df00000, 0x000000070e000000|  0%| F|  |TAMS 0x000000070df00000, 0x000000070df00000| Untracked 
| 154|0x000000070e000000, 0x000000070e000000, 0x000000070e100000|  0%| F|  |TAMS 0x000000070e000000, 0x000000070e000000| Untracked 
| 155|0x000000070e100000, 0x000000070e100000, 0x000000070e200000|  0%| F|  |TAMS 0x000000070e100000, 0x000000070e100000| Untracked 
| 156|0x000000070e200000, 0x000000070e200000, 0x000000070e300000|  0%| F|  |TAMS 0x000000070e200000, 0x000000070e200000| Untracked 
| 157|0x000000070e300000, 0x000000070e300000, 0x000000070e400000|  0%| F|  |TAMS 0x000000070e300000, 0x000000070e300000| Untracked 
| 158|0x000000070e400000, 0x000000070e400000, 0x000000070e500000|  0%| F|  |TAMS 0x000000070e400000, 0x000000070e400000| Untracked 
| 159|0x000000070e500000, 0x000000070e500000, 0x000000070e600000|  0%| F|  |TAMS 0x000000070e500000, 0x000000070e500000| Untracked 
| 160|0x000000070e600000, 0x000000070e600000, 0x000000070e700000|  0%| F|  |TAMS 0x000000070e600000, 0x000000070e600000| Untracked 
| 161|0x000000070e700000, 0x000000070e700000, 0x000000070e800000|  0%| F|  |TAMS 0x000000070e700000, 0x000000070e700000| Untracked 
| 162|0x000000070e800000, 0x000000070e800000, 0x000000070e900000|  0%| F|  |TAMS 0x000000070e800000, 0x000000070e800000| Untracked 
| 163|0x000000070e900000, 0x000000070e900000, 0x000000070ea00000|  0%| F|  |TAMS 0x000000070e900000, 0x000000070e900000| Untracked 
| 164|0x000000070ea00000, 0x000000070ea00000, 0x000000070eb00000|  0%| F|  |TAMS 0x000000070ea00000, 0x000000070ea00000| Untracked 
| 165|0x000000070eb00000, 0x000000070eb00000, 0x000000070ec00000|  0%| F|  |TAMS 0x000000070eb00000, 0x000000070eb00000| Untracked 
| 166|0x000000070ec00000, 0x000000070ec00000, 0x000000070ed00000|  0%| F|  |TAMS 0x000000070ec00000, 0x000000070ec00000| Untracked 
| 167|0x000000070ed00000, 0x000000070ed00000, 0x000000070ee00000|  0%| F|  |TAMS 0x000000070ed00000, 0x000000070ed00000| Untracked 
| 168|0x000000070ee00000, 0x000000070ee00000, 0x000000070ef00000|  0%| F|  |TAMS 0x000000070ee00000, 0x000000070ee00000| Untracked 
| 169|0x000000070ef00000, 0x000000070ef00000, 0x000000070f000000|  0%| F|  |TAMS 0x000000070ef00000, 0x000000070ef00000| Untracked 
| 170|0x000000070f000000, 0x000000070f000000, 0x000000070f100000|  0%| F|  |TAMS 0x000000070f000000, 0x000000070f000000| Untracked 
| 171|0x000000070f100000, 0x000000070f100000, 0x000000070f200000|  0%| F|  |TAMS 0x000000070f100000, 0x000000070f100000| Untracked 
| 172|0x000000070f200000, 0x000000070f200000, 0x000000070f300000|  0%| F|  |TAMS 0x000000070f200000, 0x000000070f200000| Untracked 
| 173|0x000000070f300000, 0x000000070f300000, 0x000000070f400000|  0%| F|  |TAMS 0x000000070f300000, 0x000000070f300000| Untracked 
| 174|0x000000070f400000, 0x000000070f400000, 0x000000070f500000|  0%| F|  |TAMS 0x000000070f400000, 0x000000070f400000| Untracked 
| 175|0x000000070f500000, 0x000000070f500000, 0x000000070f600000|  0%| F|  |TAMS 0x000000070f500000, 0x000000070f500000| Untracked 
| 176|0x000000070f600000, 0x000000070f600000, 0x000000070f700000|  0%| F|  |TAMS 0x000000070f600000, 0x000000070f600000| Untracked 
| 177|0x000000070f700000, 0x000000070f700000, 0x000000070f800000|  0%| F|  |TAMS 0x000000070f700000, 0x000000070f700000| Untracked 
| 178|0x000000070f800000, 0x000000070f800000, 0x000000070f900000|  0%| F|  |TAMS 0x000000070f800000, 0x000000070f800000| Untracked 
| 179|0x000000070f900000, 0x000000070f900000, 0x000000070fa00000|  0%| F|  |TAMS 0x000000070f900000, 0x000000070f900000| Untracked 
| 180|0x000000070fa00000, 0x000000070fa00000, 0x000000070fb00000|  0%| F|  |TAMS 0x000000070fa00000, 0x000000070fa00000| Untracked 
| 181|0x000000070fb00000, 0x000000070fb00000, 0x000000070fc00000|  0%| F|  |TAMS 0x000000070fb00000, 0x000000070fb00000| Untracked 
| 182|0x000000070fc00000, 0x000000070fc00000, 0x000000070fd00000|  0%| F|  |TAMS 0x000000070fc00000, 0x000000070fc00000| Untracked 
| 183|0x000000070fd00000, 0x000000070fd00000, 0x000000070fe00000|  0%| F|  |TAMS 0x000000070fd00000, 0x000000070fd00000| Untracked 
| 184|0x000000070fe00000, 0x000000070fe00000, 0x000000070ff00000|  0%| F|  |TAMS 0x000000070fe00000, 0x000000070fe00000| Untracked 
| 185|0x000000070ff00000, 0x000000070ff00000, 0x0000000710000000|  0%| F|  |TAMS 0x000000070ff00000, 0x000000070ff00000| Untracked 
| 186|0x0000000710000000, 0x0000000710000000, 0x0000000710100000|  0%| F|  |TAMS 0x0000000710000000, 0x0000000710000000| Untracked 
| 187|0x0000000710100000, 0x0000000710100000, 0x0000000710200000|  0%| F|  |TAMS 0x0000000710100000, 0x0000000710100000| Untracked 
| 188|0x0000000710200000, 0x0000000710200000, 0x0000000710300000|  0%| F|  |TAMS 0x0000000710200000, 0x0000000710200000| Untracked 
| 189|0x0000000710300000, 0x0000000710300000, 0x0000000710400000|  0%| F|  |TAMS 0x0000000710300000, 0x0000000710300000| Untracked 
| 190|0x0000000710400000, 0x0000000710400000, 0x0000000710500000|  0%| F|  |TAMS 0x0000000710400000, 0x0000000710400000| Untracked 
| 191|0x0000000710500000, 0x0000000710500000, 0x0000000710600000|  0%| F|  |TAMS 0x0000000710500000, 0x0000000710500000| Untracked 
| 192|0x0000000710600000, 0x0000000710600000, 0x0000000710700000|  0%| F|  |TAMS 0x0000000710600000, 0x0000000710600000| Untracked 
| 193|0x0000000710700000, 0x0000000710700000, 0x0000000710800000|  0%| F|  |TAMS 0x0000000710700000, 0x0000000710700000| Untracked 
| 194|0x0000000710800000, 0x0000000710900000, 0x0000000710900000|100%| S|CS|TAMS 0x0000000710800000, 0x0000000710800000| Complete 
| 195|0x0000000710900000, 0x0000000710a00000, 0x0000000710a00000|100%| S|CS|TAMS 0x0000000710900000, 0x0000000710900000| Complete 
| 196|0x0000000710a00000, 0x0000000710b00000, 0x0000000710b00000|100%| S|CS|TAMS 0x0000000710a00000, 0x0000000710a00000| Complete 
| 197|0x0000000710b00000, 0x0000000710c00000, 0x0000000710c00000|100%| S|CS|TAMS 0x0000000710b00000, 0x0000000710b00000| Complete 
| 198|0x0000000710c00000, 0x0000000710d00000, 0x0000000710d00000|100%| S|CS|TAMS 0x0000000710c00000, 0x0000000710c00000| Complete 
| 199|0x0000000710d00000, 0x0000000710e00000, 0x0000000710e00000|100%| S|CS|TAMS 0x0000000710d00000, 0x0000000710d00000| Complete 
| 200|0x0000000710e00000, 0x0000000710f00000, 0x0000000710f00000|100%| S|CS|TAMS 0x0000000710e00000, 0x0000000710e00000| Complete 
| 201|0x0000000710f00000, 0x0000000711000000, 0x0000000711000000|100%| S|CS|TAMS 0x0000000710f00000, 0x0000000710f00000| Complete 
| 202|0x0000000711000000, 0x0000000711100000, 0x0000000711100000|100%| S|CS|TAMS 0x0000000711000000, 0x0000000711000000| Complete 
| 203|0x0000000711100000, 0x0000000711200000, 0x0000000711200000|100%| S|CS|TAMS 0x0000000711100000, 0x0000000711100000| Complete 
| 204|0x0000000711200000, 0x0000000711300000, 0x0000000711300000|100%| S|CS|TAMS 0x0000000711200000, 0x0000000711200000| Complete 
| 205|0x0000000711300000, 0x0000000711400000, 0x0000000711400000|100%| S|CS|TAMS 0x0000000711300000, 0x0000000711300000| Complete 
| 206|0x0000000711400000, 0x0000000711500000, 0x0000000711500000|100%| S|CS|TAMS 0x0000000711400000, 0x0000000711400000| Complete 
| 207|0x0000000711500000, 0x0000000711600000, 0x0000000711600000|100%| S|CS|TAMS 0x0000000711500000, 0x0000000711500000| Complete 
| 208|0x0000000711600000, 0x0000000711700000, 0x0000000711700000|100%| S|CS|TAMS 0x0000000711600000, 0x0000000711600000| Complete 
| 209|0x0000000711700000, 0x0000000711700000, 0x0000000711800000|  0%| F|  |TAMS 0x0000000711700000, 0x0000000711700000| Untracked 
| 210|0x0000000711800000, 0x0000000711800000, 0x0000000711900000|  0%| F|  |TAMS 0x0000000711800000, 0x0000000711800000| Untracked 
| 211|0x0000000711900000, 0x0000000711900000, 0x0000000711a00000|  0%| F|  |TAMS 0x0000000711900000, 0x0000000711900000| Untracked 
| 212|0x0000000711a00000, 0x0000000711a00000, 0x0000000711b00000|  0%| F|  |TAMS 0x0000000711a00000, 0x0000000711a00000| Untracked 
| 213|0x0000000711b00000, 0x0000000711b00000, 0x0000000711c00000|  0%| F|  |TAMS 0x0000000711b00000, 0x0000000711b00000| Untracked 
| 214|0x0000000711c00000, 0x0000000711c00000, 0x0000000711d00000|  0%| F|  |TAMS 0x0000000711c00000, 0x0000000711c00000| Untracked 
| 215|0x0000000711d00000, 0x0000000711d00000, 0x0000000711e00000|  0%| F|  |TAMS 0x0000000711d00000, 0x0000000711d00000| Untracked 
| 216|0x0000000711e00000, 0x0000000711e00000, 0x0000000711f00000|  0%| F|  |TAMS 0x0000000711e00000, 0x0000000711e00000| Untracked 
| 217|0x0000000711f00000, 0x0000000711f00000, 0x0000000712000000|  0%| F|  |TAMS 0x0000000711f00000, 0x0000000711f00000| Untracked 
| 218|0x0000000712000000, 0x0000000712000000, 0x0000000712100000|  0%| F|  |TAMS 0x0000000712000000, 0x0000000712000000| Untracked 
| 219|0x0000000712100000, 0x0000000712100000, 0x0000000712200000|  0%| F|  |TAMS 0x0000000712100000, 0x0000000712100000| Untracked 
| 220|0x0000000712200000, 0x0000000712200000, 0x0000000712300000|  0%| F|  |TAMS 0x0000000712200000, 0x0000000712200000| Untracked 
| 221|0x0000000712300000, 0x0000000712300000, 0x0000000712400000|  0%| F|  |TAMS 0x0000000712300000, 0x0000000712300000| Untracked 
| 222|0x0000000712400000, 0x0000000712400000, 0x0000000712500000|  0%| F|  |TAMS 0x0000000712400000, 0x0000000712400000| Untracked 
| 223|0x0000000712500000, 0x0000000712500000, 0x0000000712600000|  0%| F|  |TAMS 0x0000000712500000, 0x0000000712500000| Untracked 
| 224|0x0000000712600000, 0x0000000712600000, 0x0000000712700000|  0%| F|  |TAMS 0x0000000712600000, 0x0000000712600000| Untracked 
| 225|0x0000000712700000, 0x0000000712700000, 0x0000000712800000|  0%| F|  |TAMS 0x0000000712700000, 0x0000000712700000| Untracked 
| 226|0x0000000712800000, 0x0000000712800000, 0x0000000712900000|  0%| F|  |TAMS 0x0000000712800000, 0x0000000712800000| Untracked 
| 227|0x0000000712900000, 0x0000000712900000, 0x0000000712a00000|  0%| F|  |TAMS 0x0000000712900000, 0x0000000712900000| Untracked 
| 228|0x0000000712a00000, 0x0000000712a00000, 0x0000000712b00000|  0%| F|  |TAMS 0x0000000712a00000, 0x0000000712a00000| Untracked 
| 229|0x0000000712b00000, 0x0000000712b00000, 0x0000000712c00000|  0%| F|  |TAMS 0x0000000712b00000, 0x0000000712b00000| Untracked 
| 230|0x0000000712c00000, 0x0000000712c00000, 0x0000000712d00000|  0%| F|  |TAMS 0x0000000712c00000, 0x0000000712c00000| Untracked 
| 231|0x0000000712d00000, 0x0000000712d00000, 0x0000000712e00000|  0%| F|  |TAMS 0x0000000712d00000, 0x0000000712d00000| Untracked 
| 232|0x0000000712e00000, 0x0000000712e00000, 0x0000000712f00000|  0%| F|  |TAMS 0x0000000712e00000, 0x0000000712e00000| Untracked 
| 233|0x0000000712f00000, 0x0000000712f00000, 0x0000000713000000|  0%| F|  |TAMS 0x0000000712f00000, 0x0000000712f00000| Untracked 
| 234|0x0000000713000000, 0x0000000713000000, 0x0000000713100000|  0%| F|  |TAMS 0x0000000713000000, 0x0000000713000000| Untracked 
| 235|0x0000000713100000, 0x0000000713100000, 0x0000000713200000|  0%| F|  |TAMS 0x0000000713100000, 0x0000000713100000| Untracked 
| 236|0x0000000713200000, 0x0000000713200000, 0x0000000713300000|  0%| F|  |TAMS 0x0000000713200000, 0x0000000713200000| Untracked 
| 237|0x0000000713300000, 0x0000000713300000, 0x0000000713400000|  0%| F|  |TAMS 0x0000000713300000, 0x0000000713300000| Untracked 
| 238|0x0000000713400000, 0x0000000713400000, 0x0000000713500000|  0%| F|  |TAMS 0x0000000713400000, 0x0000000713400000| Untracked 
| 239|0x0000000713500000, 0x0000000713500000, 0x0000000713600000|  0%| F|  |TAMS 0x0000000713500000, 0x0000000713500000| Untracked 
| 240|0x0000000713600000, 0x0000000713600000, 0x0000000713700000|  0%| F|  |TAMS 0x0000000713600000, 0x0000000713600000| Untracked 
| 241|0x0000000713700000, 0x0000000713700000, 0x0000000713800000|  0%| F|  |TAMS 0x0000000713700000, 0x0000000713700000| Untracked 
| 242|0x0000000713800000, 0x0000000713800000, 0x0000000713900000|  0%| F|  |TAMS 0x0000000713800000, 0x0000000713800000| Untracked 
| 243|0x0000000713900000, 0x0000000713900000, 0x0000000713a00000|  0%| F|  |TAMS 0x0000000713900000, 0x0000000713900000| Untracked 
| 244|0x0000000713a00000, 0x0000000713a80800, 0x0000000713b00000| 50%| E|  |TAMS 0x0000000713a00000, 0x0000000713a00000| Complete 
| 245|0x0000000713b00000, 0x0000000713c00000, 0x0000000713c00000|100%| E|CS|TAMS 0x0000000713b00000, 0x0000000713b00000| Complete 
| 246|0x0000000713c00000, 0x0000000713d00000, 0x0000000713d00000|100%| E|CS|TAMS 0x0000000713c00000, 0x0000000713c00000| Complete 
| 247|0x0000000713d00000, 0x0000000713e00000, 0x0000000713e00000|100%| E|CS|TAMS 0x0000000713d00000, 0x0000000713d00000| Complete 
| 248|0x0000000713e00000, 0x0000000713f00000, 0x0000000713f00000|100%| E|CS|TAMS 0x0000000713e00000, 0x0000000713e00000| Complete 
| 249|0x0000000713f00000, 0x0000000714000000, 0x0000000714000000|100%| E|CS|TAMS 0x0000000713f00000, 0x0000000713f00000| Complete 
| 250|0x0000000714000000, 0x0000000714100000, 0x0000000714100000|100%| E|CS|TAMS 0x0000000714000000, 0x0000000714000000| Complete 
| 251|0x0000000714100000, 0x0000000714200000, 0x0000000714200000|100%| E|CS|TAMS 0x0000000714100000, 0x0000000714100000| Complete 
| 252|0x0000000714200000, 0x0000000714300000, 0x0000000714300000|100%| E|CS|TAMS 0x0000000714200000, 0x0000000714200000| Complete 
| 253|0x0000000714300000, 0x0000000714400000, 0x0000000714400000|100%| E|CS|TAMS 0x0000000714300000, 0x0000000714300000| Complete 
| 254|0x0000000714400000, 0x0000000714500000, 0x0000000714500000|100%| E|CS|TAMS 0x0000000714400000, 0x0000000714400000| Complete 
| 255|0x0000000714500000, 0x0000000714600000, 0x0000000714600000|100%| E|CS|TAMS 0x0000000714500000, 0x0000000714500000| Complete 
| 256|0x0000000714600000, 0x0000000714700000, 0x0000000714700000|100%| E|CS|TAMS 0x0000000714600000, 0x0000000714600000| Complete 
| 257|0x0000000714700000, 0x0000000714800000, 0x0000000714800000|100%| E|CS|TAMS 0x0000000714700000, 0x0000000714700000| Complete 
| 258|0x0000000714800000, 0x0000000714900000, 0x0000000714900000|100%| E|CS|TAMS 0x0000000714800000, 0x0000000714800000| Complete 
| 259|0x0000000714900000, 0x0000000714a00000, 0x0000000714a00000|100%| E|CS|TAMS 0x0000000714900000, 0x0000000714900000| Complete 
| 260|0x0000000714a00000, 0x0000000714b00000, 0x0000000714b00000|100%| E|CS|TAMS 0x0000000714a00000, 0x0000000714a00000| Complete 
| 261|0x0000000714b00000, 0x0000000714c00000, 0x0000000714c00000|100%| E|CS|TAMS 0x0000000714b00000, 0x0000000714b00000| Complete 
| 262|0x0000000714c00000, 0x0000000714d00000, 0x0000000714d00000|100%| E|CS|TAMS 0x0000000714c00000, 0x0000000714c00000| Complete 
| 263|0x0000000714d00000, 0x0000000714e00000, 0x0000000714e00000|100%| E|CS|TAMS 0x0000000714d00000, 0x0000000714d00000| Complete 
| 264|0x0000000714e00000, 0x0000000714f00000, 0x0000000714f00000|100%| E|CS|TAMS 0x0000000714e00000, 0x0000000714e00000| Complete 
| 265|0x0000000714f00000, 0x0000000715000000, 0x0000000715000000|100%| E|CS|TAMS 0x0000000714f00000, 0x0000000714f00000| Complete 
| 266|0x0000000715000000, 0x0000000715100000, 0x0000000715100000|100%| E|CS|TAMS 0x0000000715000000, 0x0000000715000000| Complete 
| 267|0x0000000715100000, 0x0000000715200000, 0x0000000715200000|100%| E|CS|TAMS 0x0000000715100000, 0x0000000715100000| Complete 
| 268|0x0000000715200000, 0x0000000715300000, 0x0000000715300000|100%| E|CS|TAMS 0x0000000715200000, 0x0000000715200000| Complete 
| 269|0x0000000715300000, 0x0000000715400000, 0x0000000715400000|100%| E|CS|TAMS 0x0000000715300000, 0x0000000715300000| Complete 
| 270|0x0000000715400000, 0x0000000715500000, 0x0000000715500000|100%| E|CS|TAMS 0x0000000715400000, 0x0000000715400000| Complete 
| 271|0x0000000715500000, 0x0000000715600000, 0x0000000715600000|100%| E|CS|TAMS 0x0000000715500000, 0x0000000715500000| Complete 
| 272|0x0000000715600000, 0x0000000715700000, 0x0000000715700000|100%| E|CS|TAMS 0x0000000715600000, 0x0000000715600000| Complete 
| 273|0x0000000715700000, 0x0000000715800000, 0x0000000715800000|100%| E|CS|TAMS 0x0000000715700000, 0x0000000715700000| Complete 
| 274|0x0000000715800000, 0x0000000715900000, 0x0000000715900000|100%| E|CS|TAMS 0x0000000715800000, 0x0000000715800000| Complete 
| 275|0x0000000715900000, 0x0000000715a00000, 0x0000000715a00000|100%| E|CS|TAMS 0x0000000715900000, 0x0000000715900000| Complete 
| 276|0x0000000715a00000, 0x0000000715b00000, 0x0000000715b00000|100%| E|CS|TAMS 0x0000000715a00000, 0x0000000715a00000| Complete 
| 277|0x0000000715b00000, 0x0000000715c00000, 0x0000000715c00000|100%| E|CS|TAMS 0x0000000715b00000, 0x0000000715b00000| Complete 
| 278|0x0000000715c00000, 0x0000000715d00000, 0x0000000715d00000|100%| E|CS|TAMS 0x0000000715c00000, 0x0000000715c00000| Complete 
| 279|0x0000000715d00000, 0x0000000715e00000, 0x0000000715e00000|100%| E|CS|TAMS 0x0000000715d00000, 0x0000000715d00000| Complete 
| 280|0x0000000715e00000, 0x0000000715f00000, 0x0000000715f00000|100%| E|CS|TAMS 0x0000000715e00000, 0x0000000715e00000| Complete 
| 281|0x0000000715f00000, 0x0000000716000000, 0x0000000716000000|100%| E|CS|TAMS 0x0000000715f00000, 0x0000000715f00000| Complete 
| 282|0x0000000716000000, 0x0000000716100000, 0x0000000716100000|100%| E|CS|TAMS 0x0000000716000000, 0x0000000716000000| Complete 
| 283|0x0000000716100000, 0x0000000716200000, 0x0000000716200000|100%| E|CS|TAMS 0x0000000716100000, 0x0000000716100000| Complete 
| 284|0x0000000716200000, 0x0000000716300000, 0x0000000716300000|100%| E|CS|TAMS 0x0000000716200000, 0x0000000716200000| Complete 
| 285|0x0000000716300000, 0x0000000716400000, 0x0000000716400000|100%| E|CS|TAMS 0x0000000716300000, 0x0000000716300000| Complete 
| 286|0x0000000716400000, 0x0000000716500000, 0x0000000716500000|100%| E|CS|TAMS 0x0000000716400000, 0x0000000716400000| Complete 
| 287|0x0000000716500000, 0x0000000716600000, 0x0000000716600000|100%| E|CS|TAMS 0x0000000716500000, 0x0000000716500000| Complete 
| 288|0x0000000716600000, 0x0000000716700000, 0x0000000716700000|100%| E|CS|TAMS 0x0000000716600000, 0x0000000716600000| Complete 
| 289|0x0000000716700000, 0x0000000716800000, 0x0000000716800000|100%| E|CS|TAMS 0x0000000716700000, 0x0000000716700000| Complete 
| 290|0x0000000716800000, 0x0000000716900000, 0x0000000716900000|100%| E|CS|TAMS 0x0000000716800000, 0x0000000716800000| Complete 
| 291|0x0000000716900000, 0x0000000716a00000, 0x0000000716a00000|100%| E|CS|TAMS 0x0000000716900000, 0x0000000716900000| Complete 
| 292|0x0000000716a00000, 0x0000000716b00000, 0x0000000716b00000|100%| E|CS|TAMS 0x0000000716a00000, 0x0000000716a00000| Complete 
| 293|0x0000000716b00000, 0x0000000716c00000, 0x0000000716c00000|100%| E|CS|TAMS 0x0000000716b00000, 0x0000000716b00000| Complete 
| 294|0x0000000716c00000, 0x0000000716d00000, 0x0000000716d00000|100%| E|CS|TAMS 0x0000000716c00000, 0x0000000716c00000| Complete 
| 295|0x0000000716d00000, 0x0000000716e00000, 0x0000000716e00000|100%| E|CS|TAMS 0x0000000716d00000, 0x0000000716d00000| Complete 
| 296|0x0000000716e00000, 0x0000000716f00000, 0x0000000716f00000|100%| E|CS|TAMS 0x0000000716e00000, 0x0000000716e00000| Complete 
| 297|0x0000000716f00000, 0x0000000717000000, 0x0000000717000000|100%| E|CS|TAMS 0x0000000716f00000, 0x0000000716f00000| Complete 
| 298|0x0000000717000000, 0x0000000717100000, 0x0000000717100000|100%| E|CS|TAMS 0x0000000717000000, 0x0000000717000000| Complete 
| 299|0x0000000717100000, 0x0000000717200000, 0x0000000717200000|100%| E|CS|TAMS 0x0000000717100000, 0x0000000717100000| Complete 
| 300|0x0000000717200000, 0x0000000717300000, 0x0000000717300000|100%| E|CS|TAMS 0x0000000717200000, 0x0000000717200000| Complete 
| 301|0x0000000717300000, 0x0000000717400000, 0x0000000717400000|100%| E|CS|TAMS 0x0000000717300000, 0x0000000717300000| Complete 
| 302|0x0000000717400000, 0x0000000717500000, 0x0000000717500000|100%| E|CS|TAMS 0x0000000717400000, 0x0000000717400000| Complete 

Card table byte_map: [0x00000227141d0000,0x00000227149b0000] _byte_map_base: 0x00000227109ad000

Marking Bits (Prev, Next): (CMBitMap*) 0x000002277d940460, (CMBitMap*) 0x000002277d940428
 Prev Bits: [0x0000022719080000, 0x000002271cf68000)
 Next Bits: [0x0000022715190000, 0x0000022719078000)

Polling page: 0x0000022700000000

Metaspace:

Usage:
  Non-class:     54.48 MB capacity,    54.04 MB (>99%) used,   350.13 KB ( <1%) free+waste,   106.06 KB ( <1%) overhead. 
      Class:      7.31 MB capacity,     7.01 MB ( 96%) used,   262.89 KB (  4%) free+waste,    47.56 KB ( <1%) overhead. 
       Both:     61.79 MB capacity,    61.04 MB ( 99%) used,   613.02 KB ( <1%) free+waste,   153.63 KB ( <1%) overhead. 

Virtual space:
  Non-class space:       56.00 MB reserved,      54.67 MB ( 98%) committed 
      Class space:        1.00 GB reserved,       7.33 MB ( <1%) committed 
             Both:        1.05 GB reserved,      62.00 MB (  6%) committed 

Chunk freelists:
   Non-Class:  3.00 KB
       Class:  4.00 KB
        Both:  7.00 KB

MaxMetaspaceSize: 17179869184.00 GB
CompressedClassSpaceSize: 1.00 GB

CodeHeap 'non-profiled nmethods': size=119168Kb used=5171Kb max_used=5171Kb free=113997Kb
 bounds [0x000002270b5d0000, 0x000002270bae0000, 0x0000022712a30000]
CodeHeap 'profiled nmethods': size=119168Kb used=22623Kb max_used=22623Kb free=96544Kb
 bounds [0x0000022704170000, 0x0000022705790000, 0x000002270b5d0000]
CodeHeap 'non-nmethods': size=7424Kb used=2922Kb max_used=3005Kb free=4501Kb
 bounds [0x0000022703a30000, 0x0000022703d30000, 0x0000022704170000]
 total_blobs=9116 nmethods=8526 adapters=497
 compilation: enabled
              stopped_count=0, restarted_count=0
 full_count=0

Compilation events (20 events):
Event: 4.734 Thread 0x0000022720e22800 nmethod 8549 0x0000022705780410 code [0x00000227057805e0, 0x0000022705780838]
Event: 4.734 Thread 0x0000022720b4b800 8553       3       org.jetbrains.kotlin.resolve.TypeResolver$classifierDescriptorsFromInnerToOuter$2::invoke (9 bytes)
Event: 4.734 Thread 0x00000227209f0800 8554       3       org.jetbrains.kotlin.resolve.TypeResolver$classifierDescriptorsFromInnerToOuter$2::invoke (29 bytes)
Event: 4.734 Thread 0x0000022721254000 nmethod 8551 0x0000022705780990 code [0x0000022705780cc0, 0x0000022705781e78]
Event: 4.735 Thread 0x0000022726cdc800 nmethod 8493% 0x000002270bad7910 code [0x000002270bad7ae0, 0x000002270bad81a8]
Event: 4.735 Thread 0x0000022726cdc800 8552       4       org.jetbrains.kotlin.descriptors.DescriptorVisibilities::findInvisibleMember (107 bytes)
Event: 4.735 Thread 0x00000227209f0800 nmethod 8554 0x0000022705782410 code [0x0000022705782660, 0x0000022705782f68]
Event: 4.735 Thread 0x0000022720b4b800 nmethod 8553 0x0000022705783210 code [0x0000022705783480, 0x0000022705783f28]
Event: 4.738 Thread 0x0000022726cdc800 nmethod 8552 0x000002270bad8490 code [0x000002270bad8660, 0x000002270bad8978]
Event: 4.738 Thread 0x0000022726cdc800 8497       4       org.jetbrains.kotlin.com.intellij.psi.impl.source.tree.SharedImplUtil::findFileElement (65 bytes)
Event: 4.739 Thread 0x000002272225c800 nmethod 8491 0x000002270bad8c90 code [0x000002270bad8ec0, 0x000002270bad9bc8]
Event: 4.739 Thread 0x000002272225c800 8494 %     4       org.jetbrains.kotlin.com.intellij.openapi.fileEditor.impl.LoadTextUtil::convertLineSeparatorsToSlashN @ 36 (247 bytes)
Event: 4.740 Thread 0x0000022726cdc800 nmethod 8497 0x000002270badab90 code [0x000002270badad40, 0x000002270badaeb8]
Event: 4.740 Thread 0x0000022726cdc800 8496       4       org.jetbrains.kotlin.com.intellij.psi.impl.source.tree.LeafElement::acceptTree (15 bytes)
Event: 4.742 Thread 0x0000022726cdc800 nmethod 8496 0x000002270badaf90 code [0x000002270badb180, 0x000002270badb430]
Event: 4.742 Thread 0x0000022726cdc800 8499       4       org.jetbrains.kotlin.com.intellij.psi.impl.source.tree.RecursiveTreeElementWalkingVisitor::visitLeaf (6 bytes)
Event: 4.743 Thread 0x0000022726cdc800 nmethod 8499 0x000002270badb790 code [0x000002270badb940, 0x000002270badba68]
Event: 4.743 Thread 0x0000022726cdc800 8505       4       org.jetbrains.kotlin.load.java.lazy.descriptors.LazyJavaClassMemberScope::recordLookup (34 bytes)
Event: 4.745 Thread 0x0000022726cdc800 nmethod 8505 0x000002270badbc10 code [0x000002270badbdc0, 0x000002270badbed8]
Event: 4.747 Thread 0x000002272225c800 nmethod 8494% 0x000002270badc090 code [0x000002270badc260, 0x000002270badc918]

GC Heap History (14 events):
Event: 0.346 GC heap before
{Heap before GC invocations=0 (full 0):
 garbage-first heap   total 258048K, used 27648K [0x0000000704600000, 0x0000000800000000)
  region size 1024K, 24 young (24576K), 0 survivors (0K)
 Metaspace       used 12299K, capacity 12405K, committed 12544K, reserved 1060864K
  class space    used 1156K, capacity 1174K, committed 1280K, reserved 1048576K
}
Event: 0.348 GC heap after
{Heap after GC invocations=1 (full 0):
 garbage-first heap   total 258048K, used 5709K [0x0000000704600000, 0x0000000800000000)
  region size 1024K, 3 young (3072K), 3 survivors (3072K)
 Metaspace       used 12299K, capacity 12405K, committed 12544K, reserved 1060864K
  class space    used 1156K, capacity 1174K, committed 1280K, reserved 1048576K
}
Event: 0.731 GC heap before
{Heap before GC invocations=1 (full 0):
 garbage-first heap   total 258048K, used 40525K [0x0000000704600000, 0x0000000800000000)
  region size 1024K, 38 young (38912K), 3 survivors (3072K)
 Metaspace       used 20870K, capacity 21142K, committed 21296K, reserved 1069056K
  class space    used 2232K, capacity 2347K, committed 2432K, reserved 1048576K
}
Event: 0.735 GC heap after
{Heap after GC invocations=2 (full 0):
 garbage-first heap   total 258048K, used 9216K [0x0000000704600000, 0x0000000800000000)
  region size 1024K, 6 young (6144K), 6 survivors (6144K)
 Metaspace       used 20870K, capacity 21142K, committed 21296K, reserved 1069056K
  class space    used 2232K, capacity 2347K, committed 2432K, reserved 1048576K
}
Event: 1.309 GC heap before
{Heap before GC invocations=3 (full 0):
 garbage-first heap   total 258048K, used 63488K [0x0000000704600000, 0x0000000800000000)
  region size 1024K, 55 young (56320K), 6 survivors (6144K)
 Metaspace       used 31433K, capacity 31923K, committed 32048K, reserved 1077248K
  class space    used 3747K, capacity 3939K, committed 3968K, reserved 1048576K
}
Event: 1.318 GC heap after
{Heap after GC invocations=4 (full 0):
 garbage-first heap   total 258048K, used 21534K [0x0000000704600000, 0x0000000800000000)
  region size 1024K, 7 young (7168K), 7 survivors (7168K)
 Metaspace       used 31433K, capacity 31923K, committed 32048K, reserved 1077248K
  class space    used 3747K, capacity 3939K, committed 3968K, reserved 1048576K
}
Event: 1.479 GC heap before
{Heap before GC invocations=4 (full 0):
 garbage-first heap   total 258048K, used 35870K [0x0000000704600000, 0x0000000800000000)
  region size 1024K, 23 young (23552K), 7 survivors (7168K)
 Metaspace       used 35365K, capacity 35841K, committed 35920K, reserved 1081344K
  class space    used 4396K, capacity 4584K, committed 4608K, reserved 1048576K
}
Event: 1.484 GC heap after
{Heap after GC invocations=5 (full 0):
 garbage-first heap   total 258048K, used 23425K [0x0000000704600000, 0x0000000800000000)
  region size 1024K, 6 young (6144K), 6 survivors (6144K)
 Metaspace       used 35365K, capacity 35841K, committed 35920K, reserved 1081344K
  class space    used 4396K, capacity 4584K, committed 4608K, reserved 1048576K
}
Event: 1.620 GC heap before
{Heap before GC invocations=6 (full 0):
 garbage-first heap   total 258048K, used 38785K [0x0000000704600000, 0x0000000800000000)
  region size 1024K, 21 young (21504K), 6 survivors (6144K)
 Metaspace       used 37887K, capacity 38437K, committed 38576K, reserved 1083392K
  class space    used 4656K, capacity 4847K, committed 4864K, reserved 1048576K
}
Event: 1.625 GC heap after
{Heap after GC invocations=7 (full 0):
 garbage-first heap   total 310272K, used 22723K [0x0000000704600000, 0x0000000800000000)
  region size 1024K, 3 young (3072K), 3 survivors (3072K)
 Metaspace       used 37887K, capacity 38437K, committed 38576K, reserved 1083392K
  class space    used 4656K, capacity 4847K, committed 4864K, reserved 1048576K
}
Event: 2.515 GC heap before
{Heap before GC invocations=7 (full 0):
 garbage-first heap   total 310272K, used 96451K [0x0000000704600000, 0x0000000800000000)
  region size 1024K, 73 young (74752K), 3 survivors (3072K)
 Metaspace       used 50786K, capacity 51449K, committed 51504K, reserved 1095680K
  class space    used 5946K, capacity 6229K, committed 6272K, reserved 1048576K
}
Event: 2.523 GC heap after
{Heap after GC invocations=8 (full 0):
 garbage-first heap   total 310272K, used 34278K [0x0000000704600000, 0x0000000800000000)
  region size 1024K, 10 young (10240K), 10 survivors (10240K)
 Metaspace       used 50786K, capacity 51449K, committed 51504K, reserved 1095680K
  class space    used 5946K, capacity 6229K, committed 6272K, reserved 1048576K
}
Event: 3.716 GC heap before
{Heap before GC invocations=8 (full 0):
 garbage-first heap   total 310272K, used 120294K [0x0000000704600000, 0x0000000800000000)
  region size 1024K, 94 young (96256K), 10 survivors (10240K)
 Metaspace       used 59547K, capacity 60311K, committed 60420K, reserved 1101824K
  class space    used 6892K, capacity 7196K, committed 7252K, reserved 1048576K
}
Event: 3.748 GC heap after
{Heap after GC invocations=9 (full 0):
 garbage-first heap   total 310272K, used 43874K [0x0000000704600000, 0x0000000800000000)
  region size 1024K, 15 young (15360K), 15 survivors (15360K)
 Metaspace       used 59547K, capacity 60311K, committed 60420K, reserved 1101824K
  class space    used 6892K, capacity 7196K, committed 7252K, reserved 1048576K
}

Deoptimization events (20 events):
Event: 4.655 Thread 0x000002277d8de000 DEOPT PACKING pc=0x000002270ba17a88 sp=0x000000db81afb090
Event: 4.655 Thread 0x000002277d8de000 DEOPT UNPACKING pc=0x0000022703a57b2f sp=0x000000db81afb028 mode 2
Event: 4.691 Thread 0x000002277d8de000 Uncommon trap: trap_request=0xffffffdc fr.pc=0x000002270bace8ec relative=0x00000000000001ac
Event: 4.691 Thread 0x000002277d8de000 Uncommon trap: reason=class_check action=make_not_entrant pc=0x000002270bace8ec method=java.util.ArrayList.toArray([Ljava/lang/Object;)[Ljava/lang/Object; @ 21 c2
Event: 4.691 Thread 0x000002277d8de000 DEOPT PACKING pc=0x000002270bace8ec sp=0x000000db81afb6f0
Event: 4.691 Thread 0x000002277d8de000 DEOPT UNPACKING pc=0x0000022703a57b2f sp=0x000000db81afb6a0 mode 2
Event: 4.697 Thread 0x000002277d8de000 Uncommon trap: trap_request=0xffffffde fr.pc=0x000002270ba83e58 relative=0x0000000000000098
Event: 4.697 Thread 0x000002277d8de000 Uncommon trap: reason=class_check action=maybe_recompile pc=0x000002270ba83e58 method=org.jetbrains.kotlin.descriptors.impl.SimpleFunctionDescriptorImpl.initialize(Lorg/jetbrains/kotlin/descriptors/ReceiverParameterDescriptor;Lorg/jetbrains/kotlin/descrip
Event: 4.697 Thread 0x000002277d8de000 DEOPT PACKING pc=0x000002270ba83e58 sp=0x000000db81afb750
Event: 4.697 Thread 0x000002277d8de000 DEOPT UNPACKING pc=0x0000022703a57b2f sp=0x000000db81afb720 mode 2
Event: 4.717 Thread 0x000002277d8de000 DEOPT PACKING pc=0x0000022704a7a458 sp=0x000000db81afd260
Event: 4.717 Thread 0x000002277d8de000 DEOPT UNPACKING pc=0x0000022703a5794e sp=0x000000db81afc6f0 mode 0
Event: 4.728 Thread 0x000002277d8de000 Uncommon trap: trap_request=0xffffffbe fr.pc=0x000002270bad70dc relative=0x00000000000003bc
Event: 4.728 Thread 0x000002277d8de000 Uncommon trap: reason=profile_predicate action=maybe_recompile pc=0x000002270bad70dc method=org.jetbrains.kotlin.com.intellij.openapi.vfs.CharsetToolkit.guessFromContent(II)Lorg/jetbrains/kotlin/com/intellij/openapi/vfs/CharsetToolkit$GuessedEncoding; @ 2
Event: 4.728 Thread 0x000002277d8de000 DEOPT PACKING pc=0x000002270bad70dc sp=0x000000db81afd2b0
Event: 4.728 Thread 0x000002277d8de000 DEOPT UNPACKING pc=0x0000022703a57b2f sp=0x000000db81afd210 mode 2
Event: 4.741 Thread 0x000002277d8de000 Uncommon trap: trap_request=0xffffff4d fr.pc=0x000002270b7a6c68 relative=0x0000000000000508
Event: 4.741 Thread 0x000002277d8de000 Uncommon trap: reason=unstable_if action=reinterpret pc=0x000002270b7a6c68 method=kotlin.LazyKt__LazyJVMKt.lazy(Lkotlin/LazyThreadSafetyMode;Lkotlin/jvm/functions/Function0;)Lkotlin/Lazy; @ 24 c2
Event: 4.741 Thread 0x000002277d8de000 DEOPT PACKING pc=0x000002270b7a6c68 sp=0x000000db81afe150
Event: 4.741 Thread 0x000002277d8de000 DEOPT UNPACKING pc=0x0000022703a57b2f sp=0x000000db81afe100 mode 2

Classes redefined (0 events):
No events

Internal exceptions (20 events):
Event: 4.329 Thread 0x000002277d8de000 Implicit null exception at 0x000002270b6706c3 to 0x000002270b670848
Event: 4.405 Thread 0x000002277d8de000 Implicit null exception at 0x000002270b7c2ba5 to 0x000002270b7c8624
Event: 4.405 Thread 0x000002277d8de000 Implicit null exception at 0x000002270b7c2ba5 to 0x000002270b7c8624
Event: 4.405 Thread 0x000002277d8de000 Implicit null exception at 0x000002270b7c2ba5 to 0x000002270b7c8624
Event: 4.405 Thread 0x000002277d8de000 Implicit null exception at 0x000002270b7c2ba5 to 0x000002270b7c8624
Event: 4.405 Thread 0x000002277d8de000 Implicit null exception at 0x000002270b7c2ba5 to 0x000002270b7c8624
Event: 4.405 Thread 0x000002277d8de000 Implicit null exception at 0x000002270b7c2ba5 to 0x000002270b7c8624
Event: 4.405 Thread 0x000002277d8de000 Implicit null exception at 0x000002270b7c2ba5 to 0x000002270b7c8624
Event: 4.405 Thread 0x000002277d8de000 Implicit null exception at 0x000002270b7c2ba5 to 0x000002270b7c8624
Event: 4.405 Thread 0x000002277d8de000 Implicit null exception at 0x000002270b7c2ba5 to 0x000002270b7c8624
Event: 4.405 Thread 0x000002277d8de000 Implicit null exception at 0x000002270b7c2ba5 to 0x000002270b7c8624
Event: 4.405 Thread 0x000002277d8de000 Implicit null exception at 0x000002270b7c2ba5 to 0x000002270b7c8624
Event: 4.405 Thread 0x000002277d8de000 Implicit null exception at 0x000002270b7c2ba5 to 0x000002270b7c8624
Event: 4.405 Thread 0x000002277d8de000 Implicit null exception at 0x000002270b76e438 to 0x000002270b76f35c
Event: 4.406 Thread 0x000002277d8de000 Implicit null exception at 0x000002270b952784 to 0x000002270b953250
Event: 4.409 Thread 0x000002277d8de000 Implicit null exception at 0x000002270b9ed0da to 0x000002270b9ed2e0
Event: 4.419 Thread 0x000002277d8de000 Exception <a 'java/lang/NoSuchMethodError'{0x00000007147c3830}: 'java.lang.Object java.lang.invoke.DirectMethodHandle$Holder.invokeInterface(java.lang.Object, java.lang.Object, java.lang.Object)'> (0x00000007147c3830) thrown at [./src/hotspot/share/interpreter/linkResolver.cpp, line 773]
Event: 4.419 Thread 0x000002277d8de000 Exception <a 'java/lang/IncompatibleClassChangeError'{0x00000007147c6a60}: Found class java.lang.Object, but interface was expected> (0x00000007147c6a60) thrown at [./src/hotspot/share/interpreter/linkResolver.cpp, line 839]
Event: 4.426 Thread 0x000002277d8de000 Implicit null exception at 0x000002270b5e9bf7 to 0x000002270b5ea104
Event: 4.473 Thread 0x000002277d8de000 Implicit null exception at 0x000002270b5ea6f4 to 0x000002270b5eac1c

Events (20 events):
Event: 4.747 loading class org/jetbrains/kotlin/codegen/intrinsics/Java8UIntCompare
Event: 4.747 loading class org/jetbrains/kotlin/codegen/intrinsics/Java8UIntCompare done
Event: 4.747 loading class org/jetbrains/kotlin/codegen/intrinsics/Java8UIntToString
Event: 4.747 loading class org/jetbrains/kotlin/codegen/intrinsics/Java8UIntToString done
Event: 4.747 loading class org/jetbrains/kotlin/codegen/intrinsics/Java8ULongDivide
Event: 4.747 loading class org/jetbrains/kotlin/codegen/intrinsics/Java8ULongDivide done
Event: 4.747 loading class org/jetbrains/kotlin/codegen/intrinsics/Java8ULongRemainder
Event: 4.747 loading class org/jetbrains/kotlin/codegen/intrinsics/Java8ULongRemainder done
Event: 4.747 loading class org/jetbrains/kotlin/codegen/intrinsics/Java8ULongCompare
Event: 4.747 loading class org/jetbrains/kotlin/codegen/intrinsics/Java8ULongCompare done
Event: 4.747 loading class org/jetbrains/kotlin/codegen/intrinsics/Java8ULongToString
Event: 4.747 loading class org/jetbrains/kotlin/codegen/intrinsics/Java8ULongToString done
Event: 4.747 loading class org/jetbrains/kotlin/codegen/intrinsics/UnaryMinus
Event: 4.747 loading class org/jetbrains/kotlin/codegen/intrinsics/UnaryMinus done
Event: 4.747 loading class org/jetbrains/kotlin/codegen/intrinsics/UnaryPlus
Event: 4.747 loading class org/jetbrains/kotlin/codegen/intrinsics/UnaryPlus done
Event: 4.747 loading class org/jetbrains/kotlin/codegen/intrinsics/NumberCast
Event: 4.747 loading class org/jetbrains/kotlin/codegen/intrinsics/NumberCast done
Event: 4.747 loading class org/jetbrains/kotlin/codegen/intrinsics/Inv
Event: 4.747 loading class org/jetbrains/kotlin/codegen/intrinsics/Inv done


Dynamic libraries:
0x00007ff663660000 - 0x00007ff66366a000 	C:\Program Files\Android\Android Studio\jre\bin\java.exe
0x00007ffe6a430000 - 0x00007ffe6a625000 	C:\Windows\SYSTEM32\ntdll.dll
0x00007ffe68840000 - 0x00007ffe688fe000 	C:\Windows\System32\KERNEL32.DLL
0x00007ffe67f10000 - 0x00007ffe681d8000 	C:\Windows\System32\KERNELBASE.dll
0x00007ffe682f0000 - 0x00007ffe683f0000 	C:\Windows\System32\ucrtbase.dll
0x00007ffe537a0000 - 0x00007ffe537b9000 	C:\Program Files\Android\Android Studio\jre\bin\jli.dll
0x00007ffe535c0000 - 0x00007ffe535d7000 	C:\Program Files\Android\Android Studio\jre\bin\VCRUNTIME140.dll
0x00007ffe68690000 - 0x00007ffe68831000 	C:\Windows\System32\USER32.dll
0x00007ffe50180000 - 0x00007ffe5041a000 	C:\Windows\WinSxS\amd64_microsoft.windows.common-controls_6595b64144ccf1df_6.0.19041.1110_none_60b5254171f9507e\COMCTL32.dll
0x00007ffe683f0000 - 0x00007ffe68412000 	C:\Windows\System32\win32u.dll
0x00007ffe69470000 - 0x00007ffe6949b000 	C:\Windows\System32\GDI32.dll
0x00007ffe69ec0000 - 0x00007ffe69f5e000 	C:\Windows\System32\msvcrt.dll
0x00007ffe681e0000 - 0x00007ffe682ed000 	C:\Windows\System32\gdi32full.dll
0x00007ffe67d60000 - 0x00007ffe67dfd000 	C:\Windows\System32\msvcp_win.dll
0x00007ffe68c70000 - 0x00007ffe68ca0000 	C:\Windows\System32\IMM32.DLL
0x00007ffe37dd0000 - 0x00007ffe37e6d000 	C:\Program Files\Android\Android Studio\jre\bin\msvcp140.dll
0x00007ffe29ec0000 - 0x00007ffe2a98f000 	C:\Program Files\Android\Android Studio\jre\bin\server\jvm.dll
0x00007ffe69e10000 - 0x00007ffe69ebc000 	C:\Windows\System32\ADVAPI32.dll
0x00007ffe685f0000 - 0x00007ffe6868b000 	C:\Windows\System32\sechost.dll
0x00007ffe69510000 - 0x00007ffe6963a000 	C:\Windows\System32\RPCRT4.dll
0x00007ffe6a3e0000 - 0x00007ffe6a3e8000 	C:\Windows\System32\PSAPI.DLL
0x00007ffe5f150000 - 0x00007ffe5f159000 	C:\Windows\SYSTEM32\WSOCK32.dll
0x00007ffe5d820000 - 0x00007ffe5d847000 	C:\Windows\SYSTEM32\WINMM.dll
0x00007ffe62d10000 - 0x00007ffe62d1a000 	C:\Windows\SYSTEM32\VERSION.dll
0x00007ffe693a0000 - 0x00007ffe6940b000 	C:\Windows\System32\WS2_32.dll
0x00007ffe65a50000 - 0x00007ffe65a62000 	C:\Windows\SYSTEM32\kernel.appcore.dll
0x00007ffe5d510000 - 0x00007ffe5d521000 	C:\Program Files\Android\Android Studio\jre\bin\verify.dll
0x00007ffe547b0000 - 0x00007ffe54994000 	C:\Windows\SYSTEM32\DBGHELP.DLL
0x00007ffe54780000 - 0x00007ffe547ac000 	C:\Windows\SYSTEM32\dbgcore.DLL
0x00007ffe67cd0000 - 0x00007ffe67d52000 	C:\Windows\System32\bcryptPrimitives.dll
0x00007ffe57cc0000 - 0x00007ffe57ce9000 	C:\Program Files\Android\Android Studio\jre\bin\java.dll
0x00007ffe5d5b0000 - 0x00007ffe5d5bb000 	C:\Program Files\Android\Android Studio\jre\bin\jimage.dll
0x00007ffe5cbd0000 - 0x00007ffe5cbe8000 	C:\Program Files\Android\Android Studio\jre\bin\zip.dll
0x00007ffe69640000 - 0x00007ffe69d84000 	C:\Windows\System32\SHELL32.dll
0x00007ffe65c50000 - 0x00007ffe663e4000 	C:\Windows\SYSTEM32\windows.storage.dll
0x00007ffe68fe0000 - 0x00007ffe69335000 	C:\Windows\System32\combase.dll
0x00007ffe674b0000 - 0x00007ffe674de000 	C:\Windows\SYSTEM32\Wldp.dll
0x00007ffe68b10000 - 0x00007ffe68bbd000 	C:\Windows\System32\SHCORE.dll
0x00007ffe68e60000 - 0x00007ffe68eb5000 	C:\Windows\System32\shlwapi.dll
0x00007ffe67a80000 - 0x00007ffe67a9f000 	C:\Windows\SYSTEM32\profapi.dll
0x00007ffe57c30000 - 0x00007ffe57c4a000 	C:\Program Files\Android\Android Studio\jre\bin\net.dll
0x00007ffe5fab0000 - 0x00007ffe5fbbc000 	C:\Windows\SYSTEM32\WINHTTP.dll
0x00007ffe67220000 - 0x00007ffe6728a000 	C:\Windows\system32\mswsock.dll
0x00007ffe57c10000 - 0x00007ffe57c24000 	C:\Program Files\Android\Android Studio\jre\bin\nio.dll

dbghelp: loaded successfully - version: 4.0.5 - missing functions: none
symbol engine: initialized successfully - sym options: 0x614 - pdb path: .;C:\Program Files\Android\Android Studio\jre\bin;C:\Windows\SYSTEM32;C:\Windows\WinSxS\amd64_microsoft.windows.common-controls_6595b64144ccf1df_6.0.19041.1110_none_60b5254171f9507e;C:\Program Files\Android\Android Studio\jre\bin\server

VM Arguments:
java_command: org.jetbrains.kotlin.cli.jvm.K2JVMCompiler @C:\Users\Q\Desktop\Pokemon App\SocialApp\app\build\20211230_13916157366965453654.compiler.options
java_class_path (initial): C:\Users\Q\.gradle\caches\modules-2\files-2.1\org.jetbrains.kotlin\kotlin-compiler-embeddable\1.6.0\aa8da3bedc53c89219b84a0b40c7419431a13e76\kotlin-compiler-embeddable-1.6.0.jar;C:\Users\Q\.gradle\caches\modules-2\files-2.1\org.jetbrains.kotlin\kotlin-reflect\1.6.0\a215a7f914d5916dc5fd2d45cea16524e0220203\kotlin-reflect-1.6.0.jar;C:\Users\Q\.gradle\caches\modules-2\files-2.1\org.jetbrains.kotlin\kotlin-stdlib\1.6.0\a40b8b22529b733892edf4b73468ce598bb17f04\kotlin-stdlib-1.6.0.jar;C:\Users\Q\.gradle\caches\modules-2\files-2.1\org.jetbrains.kotlin\kotlin-script-runtime\1.6.0\55f72526ddcff6fc77d72cdf949c7e3d9bd95620\kotlin-script-runtime-1.6.0.jar;C:\Users\Q\.gradle\caches\modules-2\files-2.1\org.jetbrains.kotlin\kotlin-daemon-embeddable\1.6.0\d6242b37f4ce6b637d10847c7558446272ec8432\kotlin-daemon-embeddable-1.6.0.jar;C:\Users\Q\.gradle\caches\modules-2\files-2.1\org.jetbrains.intellij.deps\trove4j\1.0.20181211\216c2e14b070f334479d800987affe4054cd563f\trove4j-1.0.20181211.jar;C:\Users\Q\.gradle\caches\modules-2\files-2.1\net.java.dev.jna\jna\5.6.0\330f2244e9030119ab3030fc3fededc86713d9cc\jna-5.6.0.jar;C:\Users\Q\.gradle\caches\modules-2\files-2.1\org.jetbrains\annotations\13.0\919f0dfe192fb4e063e7dacadee7f8bb9a2672a9\annotations-13.0.jar;C:\Users\Q\.gradle\caches\modules-2\files-2.1\org.jetbrains.kotlin\kotlin-stdlib-common\1.6.0\7857e365f925cfa060f941c1357cda1f8790502c\kotlin-stdlib-common-1.6.0.jar
Launcher Type: SUN_STANDARD

[Global flags]
     intx CICompilerCount                          = 12                                        {product} {ergonomic}
     uint ConcGCThreads                            = 3                                         {product} {ergonomic}
     uint G1ConcRefinementThreads                  = 13                                        {product} {ergonomic}
   size_t G1HeapRegionSize                         = 1048576                                   {product} {ergonomic}
    uintx GCDrainStackTargetSize                   = 64                                        {product} {ergonomic}
   size_t InitialHeapSize                          = 264241152                                 {product} {ergonomic}
   size_t MarkStackSize                            = 4194304                                   {product} {ergonomic}
   size_t MaxHeapSize                              = 4221566976                                {product} {ergonomic}
   size_t MaxNewSize                               = 2532311040                                {product} {ergonomic}
   size_t MinHeapDeltaBytes                        = 1048576                                   {product} {ergonomic}
    uintx NonNMethodCodeHeapSize                   = 7594288                                {pd product} {ergonomic}
    uintx NonProfiledCodeHeapSize                  = 122031976                              {pd product} {ergonomic}
    uintx ProfiledCodeHeapSize                     = 122031976                              {pd product} {ergonomic}
    uintx ReservedCodeCacheSize                    = 251658240                              {pd product} {ergonomic}
     bool SegmentedCodeCache                       = true                                      {product} {ergonomic}
     bool UseCompressedClassPointers               = true                                 {lp64_product} {ergonomic}
     bool UseCompressedOops                        = true                                 {lp64_product} {ergonomic}
     bool UseG1GC                                  = true                                      {product} {ergonomic}
     bool UseLargePagesIndividualAllocation        = false                                  {pd product} {ergonomic}

Logging:
Log output configuration:
 #0: stdout all=warning uptime,level,tags
 #1: stderr all=off uptime,level,tags

Environment Variables:
JAVA_HOME=C:\Program Files\Java\jre1.8.0_301\bin\server
PATH=C:\Program Files\Common Files\Oracle\Java\javapath;C:\Program Files (x86)\Common Files\Oracle\Java\javapath;C:\Program Files (x86)\Common Files\Intel\Shared Libraries\redist\intel64\compiler;C:\Windows\system32;C:\Windows;C:\Windows\System32\Wbem;C:\Windows\System32\WindowsPowerShell\v1.0\;C:\Windows\System32\OpenSSH\;C:\Program Files\Java\jre1.8.0_301\bin\server;C:\Program Files\Git\cmd;C:\Users\Q\AppData\Local\Microsoft\WindowsApps;C:\Users\Q\AppData\Local\Programs\Microsoft VS Code\bin;C:\Users\Q\AppData\Local\GitHubDesktop\bin;C:\flutter\bin;
USERNAME=Q
OS=Windows_NT
PROCESSOR_IDENTIFIER=Intel64 Family 6 Model 165 Stepping 5, GenuineIntel



---------------  S Y S T E M  ---------------

OS: Windows 10 , 64 bit Build 19041 (10.0.19041.1348)
OS uptime: 14 days 1:36 hours

CPU:total 16 (initial active 16) (8 cores per cpu, 2 threads per core) family 6 model 165 stepping 5 microcode 0xec, cmov, cx8, fxsr, mmx, sse, sse2, sse3, ssse3, sse4.1, sse4.2, popcnt, avx, avx2, aes, clmul, erms, 3dnowpref, lzcnt, ht, tsc, tscinvbit, bmi1, bmi2, adx, fma

Memory: 4k page, system-wide physical 16099M (5087M free)
TotalPageFile size 46543M (AvailPageFile size 5M)
current process WorkingSet (physical memory assigned to process): 432M, peak: 432M
current process commit charge ("private bytes"): 646M, peak: 648M

vm_info: OpenJDK 64-Bit Server VM (11.0.10+0-b96-7249189) for windows-amd64 JRE (11.0.10+0-b96-7249189), built on Mar 31 2021 21:44:00 by "builder" with MS VC++ 14.0 (VS2015)

END.
